<?xml version="1.0" encoding="UTF-8"?>
<!-- Generated by org.testng.reporters.JUnitXMLReporter -->
<testsuite ignored="0" hostname="ZCOCLMH101674-KarenDuque" failures="0" tests="2" name="Product Acceptance Tests Android" time="33.043" errors="0" timestamp="2023-01-31T05:54:36 COT">
  <testcase classname="io.cucumber.testng.AbstractTestNGCucumberTests" name="runScenario" time="18.002"/>
  <testcase classname="io.cucumber.testng.AbstractTestNGCucumberTests" name="runScenario" time="12.847"/>
</testsuite> <!-- Product Acceptance Tests Android -->
