<?xml version="1.0" encoding="UTF-8"?>
<!-- Generated by org.testng.reporters.JUnitXMLReporter -->
<testsuite ignored="0" hostname="ZCOCLMH101674-KarenDuque" failures="0" tests="2" name="Product Acceptance Tests Android" time="0.375" errors="0" timestamp="2023-01-28T14:32:11 COT">
  <testcase classname="AndroidRunnerTest" name="@BeforeClass setUpAppium" time="0.001">
    <failure type="java.lang.NumberFormatException" message="For input string: &amp;quot;-Dserver=0&amp;quot;">
      <![CDATA[java.lang.NumberFormatException: For input string: "-Dserver=0"
at java.base/java.lang.NumberFormatException.forInputString(NumberFormatException.java:65)
at java.base/java.lang.Integer.parseInt(Integer.java:652)
at java.base/java.lang.Integer.parseInt(Integer.java:770)
at AndroidRunnerTest.setUpAppium(AndroidRunnerTest.java:26)
at java.base/java.util.ArrayList.forEach(ArrayList.java:1541)
at java.base/java.util.concurrent.FutureTask.run(FutureTask.java:264)
at java.base/java.util.concurrent.ThreadPoolExecutor.runWorker(ThreadPoolExecutor.java:1128)
at java.base/java.util.concurrent.ThreadPoolExecutor$Worker.run(ThreadPoolExecutor.java:628)
at java.base/java.lang.Thread.run(Thread.java:834)
... Removed 15 stack frames]]>
    </failure>
  </testcase> <!-- @BeforeClass setUpAppium -->
  <testcase classname="AndroidRunnerTest" name="@AfterClass tearDownAppium" time="0.0">
    <skipped/>
  </testcase> <!-- @AfterClass tearDownAppium -->
  <testcase classname="io.cucumber.testng.AbstractTestNGCucumberTests" name="runScenario" time="0.0">
    <skipped/>
  </testcase> <!-- runScenario -->
  <testcase classname="io.cucumber.testng.AbstractTestNGCucumberTests" name="runScenario" time="0.0">
    <skipped/>
  </testcase> <!-- runScenario -->
</testsuite> <!-- Product Acceptance Tests Android -->
