<?xml version="1.0" encoding="UTF-8"?>
<testng-results ignored="0" total="1" passed="1" failed="0" skipped="0">
  <reporter-output>
  </reporter-output>
  <suite started-at="2023-01-31T09:33:53 COT" name="Product Test Suite" finished-at="2023-01-31T09:34:21 COT" duration-ms="28367">
    <groups>
      <group name="cucumber">
        <method signature="AbstractTestNGCucumberTests.runScenario(io.cucumber.testng.PickleWrapper,io.cucumber.testng.FeatureWrapper)[pri:0, instance:AndroidRunnerTest@72035809]" name="runScenario" class="io.cucumber.testng.AbstractTestNGCucumberTests"/>
      </group> <!-- cucumber -->
    </groups>
    <test started-at="2023-01-31T09:33:53 COT" name="Product Acceptance Tests Android" finished-at="2023-01-31T09:34:21 COT" duration-ms="28367">
      <class name="AndroidRunnerTest">
        <test-method is-config="true" signature="setUpClass(org.testng.ITestContext)[pri:0, instance:AndroidRunnerTest@72035809]" started-at="2023-01-31T09:33:53 COT" name="setUpClass" finished-at="2023-01-31T09:33:53 COT" duration-ms="312" status="PASS">
          <params>
            <param index="0">
              <value>
                <![CDATA[org.testng.TestRunner@5c86dbc5]]>
              </value>
            </param>
          </params>
          <reporter-output>
          </reporter-output>
        </test-method> <!-- setUpClass -->
        <test-method is-config="true" signature="setUpAppium()[pri:0, instance:AndroidRunnerTest@72035809]" started-at="2023-01-31T09:33:53 COT" name="setUpAppium" finished-at="2023-01-31T09:33:54 COT" duration-ms="963" status="PASS">
          <reporter-output>
          </reporter-output>
        </test-method> <!-- setUpAppium -->
        <test-method signature="runScenario(io.cucumber.testng.PickleWrapper,io.cucumber.testng.FeatureWrapper)[pri:0, instance:AndroidRunnerTest@72035809]" started-at="2023-01-31T09:33:54 COT" name="runScenario" description="Runs Cucumber Scenarios" data-provider="scenarios" finished-at="2023-01-31T09:34:21 COT" duration-ms="26992" status="PASS">
          <params>
            <param index="0">
              <value>
                <![CDATA["01. Book a hotel in  "Cuzco" from the date "mar, 14 feb" until  "mar, 28 feb" with rooms  and guests  "1" , "2" , "1""]]>
              </value>
            </param>
            <param index="1">
              <value>
                <![CDATA["Search"]]>
              </value>
            </param>
          </params>
          <reporter-output>
          </reporter-output>
        </test-method> <!-- runScenario -->
        <test-method is-config="true" signature="tearDownAppium()[pri:0, instance:AndroidRunnerTest@72035809]" started-at="2023-01-31T09:34:21 COT" name="tearDownAppium" finished-at="2023-01-31T09:34:21 COT" duration-ms="66" status="PASS">
          <reporter-output>
          </reporter-output>
        </test-method> <!-- tearDownAppium -->
        <test-method is-config="true" signature="tearDownClass()[pri:0, instance:AndroidRunnerTest@72035809]" started-at="2023-01-31T09:34:21 COT" name="tearDownClass" finished-at="2023-01-31T09:34:21 COT" duration-ms="3" status="PASS">
          <reporter-output>
          </reporter-output>
        </test-method> <!-- tearDownClass -->
      </class> <!-- AndroidRunnerTest -->
    </test> <!-- Product Acceptance Tests Android -->
  </suite> <!-- Product Test Suite -->
</testng-results>
